<?xml version="1.0" encoding="UTF-8"?>
<!-- Generated by org.testng.reporters.JUnitXMLReporter -->
<testsuite hostname="gaurav-Inspiron-3521" ignored="4" name="Job Search Regression Tests" tests="3" failures="0" timestamp="09 Apr 2018 06:27:51 GMT" time="59.753" errors="0">
  <testcase name="loginPageTestOne" time="4.964" classname="com.resumeupdate.tests.LoginPageTest"/>
  <testcase name="homePageTestOne" time="17.408" classname="com.resumeupdate.tests.HomePageTest"/>
  <testcase name="profilePageTestOne" time="12.434" classname="com.resumeupdate.tests.ProfilePageTest"/>
  <testcase name="@BeforeTest initialization" time="0.0" classname="com.resumeupdate.base.ResumeUpdateBase">
    <ignored/>
  </testcase> <!-- @BeforeTest initialization -->
  <testcase name="@BeforeTest initialization" time="0.0" classname="com.resumeupdate.base.ResumeUpdateBase">
    <ignored/>
  </testcase> <!-- @BeforeTest initialization -->
  <testcase name="@AfterTest tearDown" time="0.0" classname="com.resumeupdate.base.ResumeUpdateBase">
    <ignored/>
  </testcase> <!-- @AfterTest tearDown -->
  <testcase name="@AfterTest tearDown" time="0.0" classname="com.resumeupdate.base.ResumeUpdateBase">
    <ignored/>
  </testcase> <!-- @AfterTest tearDown -->
</testsuite> <!-- Job Search Regression Tests -->
