<?xml version="1.0" encoding="UTF-8"?>
<!-- Generated by org.testng.reporters.JUnitXMLReporter -->
<testsuite hostname="gaurav-Inspiron-3521" ignored="4" name="Job Search Regression Tests" tests="3" failures="0" timestamp="07 Apr 2018 19:49:25 GMT" time="27.083" errors="0">
  <testcase name="loginPageTestOne" time="4.885" classname="com.resumeupdate.tests.LoginPageTest"/>
  <testcase name="homePageTestOne" time="5.047" classname="com.resumeupdate.tests.HomePageTest"/>
  <testcase name="profilePageTestOne" time="4.843" classname="com.resumeupdate.tests.ProfilePageTest"/>
  <testcase name="@BeforeTest initialization" time="0.0" classname="com.resumeupdate.base.ResumeUpdateBase">
    <ignored/>
  </testcase> <!-- @BeforeTest initialization -->
  <testcase name="@BeforeTest initialization" time="0.0" classname="com.resumeupdate.base.ResumeUpdateBase">
    <ignored/>
  </testcase> <!-- @BeforeTest initialization -->
  <testcase name="@AfterTest tearDown" time="0.0" classname="com.resumeupdate.base.ResumeUpdateBase">
    <ignored/>
  </testcase> <!-- @AfterTest tearDown -->
  <testcase name="@AfterTest tearDown" time="0.0" classname="com.resumeupdate.base.ResumeUpdateBase">
    <ignored/>
  </testcase> <!-- @AfterTest tearDown -->
</testsuite> <!-- Job Search Regression Tests -->
