<?xml version="1.0" encoding="UTF-8"?>
<testng-results skipped="0" failed="0" ignored="4" total="7" passed="3">
  <reporter-output>
  </reporter-output>
  <suite name="Job Search Suite" duration-ms="59753" started-at="2018-04-09T06:26:51Z" finished-at="2018-04-09T06:27:50Z">
    <groups>
    </groups>
    <test name="Job Search Regression Tests" duration-ms="59753" started-at="2018-04-09T06:26:51Z" finished-at="2018-04-09T06:27:50Z">
      <class name="com.resumeupdate.tests.HomePageTest">
        <test-method status="PASS" signature="homePageTestOne()[pri:0, instance:com.resumeupdate.tests.HomePageTest@42d80b78]" name="homePageTestOne" duration-ms="17408" started-at="2018-04-09T11:57:13Z" finished-at="2018-04-09T11:57:30Z">
          <reporter-output>
          </reporter-output>
        </test-method> <!-- homePageTestOne -->
      </class> <!-- com.resumeupdate.tests.HomePageTest -->
      <class name="com.resumeupdate.tests.LoginPageTest">
        <test-method status="PASS" signature="initialization()[pri:0, instance:com.resumeupdate.tests.LoginPageTest@1e88b3c]" name="initialization" is-config="true" duration-ms="17412" started-at="2018-04-09T11:56:51Z" finished-at="2018-04-09T11:57:08Z">
          <reporter-output>
          </reporter-output>
        </test-method> <!-- initialization -->
        <test-method status="PASS" signature="loginPageTestOne()[pri:0, instance:com.resumeupdate.tests.LoginPageTest@1e88b3c]" name="loginPageTestOne" duration-ms="4964" started-at="2018-04-09T11:57:08Z" finished-at="2018-04-09T11:57:13Z">
          <reporter-output>
          </reporter-output>
        </test-method> <!-- loginPageTestOne -->
        <test-method status="PASS" signature="tearDown()[pri:0, instance:com.resumeupdate.tests.LoginPageTest@1e88b3c]" name="tearDown" is-config="true" duration-ms="7453" started-at="2018-04-09T11:57:43Z" finished-at="2018-04-09T11:57:50Z">
          <reporter-output>
          </reporter-output>
        </test-method> <!-- tearDown -->
      </class> <!-- com.resumeupdate.tests.LoginPageTest -->
      <class name="com.resumeupdate.tests.ProfilePageTest">
        <test-method status="PASS" signature="profilePageTestOne()[pri:0, instance:com.resumeupdate.tests.ProfilePageTest@3bfdc050]" name="profilePageTestOne" duration-ms="12434" started-at="2018-04-09T11:57:30Z" finished-at="2018-04-09T11:57:43Z">
          <reporter-output>
          </reporter-output>
        </test-method> <!-- profilePageTestOne -->
      </class> <!-- com.resumeupdate.tests.ProfilePageTest -->
    </test> <!-- Job Search Regression Tests -->
  </suite> <!-- Job Search Suite -->
</testng-results>
